04-23-2018 03:50:27 [INFO] [c.e.d.DemoApplication logStarting] [main]  =>  Starting DemoApplication on SACHINJ with PID 13608 (C:\Users\Sachin.Jain.CIGNIFY\IdeaProjects\demo\target\classes started by Sachin.Jain in C:\Users\Sachin.Jain.CIGNIFY\IdeaProjects\demo)
04-23-2018 03:50:27 [INFO] [c.e.d.DemoApplication logStartupProfileInfo] [main]  =>  No active profile set, falling back to default profiles: default
04-23-2018 03:50:27 [INFO] [o.s.b.w.s.c.AnnotationConfigServletWebServerApplicationContext prepareRefresh] [main]  =>  Refreshing org.springframework.boot.web.servlet.context.AnnotationConfigServletWebServerApplicationContext@50b472aa: startup date [Sun Apr 22 23:50:27 EDT 2018]; root of context hierarchy
04-23-2018 03:50:30 [INFO] [o.s.b.f.a.AutowiredAnnotationBeanPostProcessor <init>] [main]  =>  JSR-330 'javax.inject.Inject' annotation found and supported for autowiring
04-23-2018 03:50:30 [INFO] [o.s.c.s.PostProcessorRegistrationDelegate$BeanPostProcessorChecker postProcessAfterInitialization] [main]  =>  Bean 'org.springframework.kafka.annotation.KafkaBootstrapConfiguration' of type [org.springframework.kafka.annotation.KafkaBootstrapConfiguration$$EnhancerBySpringCGLIB$$79501603] is not eligible for getting processed by all BeanPostProcessors (for example: not eligible for auto-proxying)
04-23-2018 03:50:30 [INFO] [o.s.c.s.PostProcessorRegistrationDelegate$BeanPostProcessorChecker postProcessAfterInitialization] [main]  =>  Bean 'org.springframework.ws.config.annotation.DelegatingWsConfiguration' of type [org.springframework.ws.config.annotation.DelegatingWsConfiguration$$EnhancerBySpringCGLIB$$4a35c97f] is not eligible for getting processed by all BeanPostProcessors (for example: not eligible for auto-proxying)
04-23-2018 03:50:30 [INFO] [o.s.w.s.a.s.AnnotationActionEndpointMapping afterPropertiesSet] [main]  =>  Supporting [WS-Addressing August 2004, WS-Addressing 1.0]
04-23-2018 03:50:30 [INFO] [o.s.c.s.PostProcessorRegistrationDelegate$BeanPostProcessorChecker postProcessAfterInitialization] [main]  =>  Bean 'org.springframework.transaction.annotation.ProxyTransactionManagementConfiguration' of type [org.springframework.transaction.annotation.ProxyTransactionManagementConfiguration$$EnhancerBySpringCGLIB$$a59e0480] is not eligible for getting processed by all BeanPostProcessors (for example: not eligible for auto-proxying)
04-23-2018 03:50:31 [INFO] [o.s.b.w.e.t.TomcatWebServer initialize] [main]  =>  Tomcat initialized with port(s): 8080 (http)
04-23-2018 03:50:31 [INFO] [o.a.c.c.StandardService log] [main]  =>  Starting service [Tomcat]
04-23-2018 03:50:31 [INFO] [o.a.c.c.StandardEngine log] [main]  =>  Starting Servlet Engine: Apache Tomcat/8.5.29
04-23-2018 03:50:31 [INFO] [o.a.c.c.AprLifecycleListener log] [localhost-startStop-1]  =>  The APR based Apache Tomcat Native library which allows optimal performance in production environments was not found on the java.library.path: [C:\Java\jdk1.8.0_161\bin;C:\Windows\Sun\Java\bin;C:\Windows\system32;C:\Windows;C:\Program Files\Docker\Docker\Resources\bin;C:\ProgramData\Oracle\Java\javapath;C:\Windows\system32;C:\Windows;C:\Windows\System32\Wbem;C:\Windows\System32\WindowsPowerShell\v1.0\;C:\Program Files\dotnet\;C:\Program Files\Microsoft SQL Server\130\Tools\Binn\;C:\Program Files\Git\cmd;C:\Program Files\Git\mingw64\bin;C:\Program Files\Git\usr\bin;C:\Program Files (x86)\Microsoft SQL Server\Client SDK\ODBC\130\Tools\Binn\;C:\Program Files (x86)\Microsoft SQL Server\140\Tools\Binn\;C:\Program Files (x86)\Microsoft SQL Server\140\DTS\Binn\;C:\Program Files (x86)\Microsoft SQL Server\140\Tools\Binn\ManagementStudio\;C:\Program Files\Microsoft VS Code\bin;C:\Windows\system32\config\systemprofile\AppData\Local\Microsoft\WindowsApps;C:\Java\jdk1.8.0_161\bin;C:\apache-maven-3.5.2\bin;C:\Program Files\Microsoft SQL Server\140\Tools\Binn\;C:\Program Files\Microsoft SQL Server\140\DTS\Binn\;C:\Program Files\Microsoft SQL Server\Client SDK\ODBC\130\Tools\Binn\;C:\Program Files\OpenVPN\bin;C:\Program Files\nodejs\;C:\Users\Sachin.Jain.CIGNIFY\AppData\Local\Microsoft\WindowsApps;C:\Users\Sachin.Jain.CIGNIFY\AppData\Roaming\npm;.]
04-23-2018 03:50:31 [INFO] [o.a.c.c.C.[.[.[/] log] [localhost-startStop-1]  =>  Initializing Spring embedded WebApplicationContext
04-23-2018 03:50:31 [INFO] [o.s.w.c.ContextLoader prepareWebApplicationContext] [localhost-startStop-1]  =>  Root WebApplicationContext: initialization completed in 4145 ms
04-23-2018 03:50:32 [INFO] [o.s.b.w.s.ServletRegistrationBean addRegistration] [localhost-startStop-1]  =>  Servlet dispatcherServlet mapped to [/]
04-23-2018 03:50:32 [INFO] [o.s.b.w.s.ServletRegistrationBean addRegistration] [localhost-startStop-1]  =>  Servlet messageDispatcherServlet mapped to [/services/*]
04-23-2018 03:50:32 [INFO] [o.s.b.w.s.FilterRegistrationBean configure] [localhost-startStop-1]  =>  Mapping filter: 'characterEncodingFilter' to: [/*]
04-23-2018 03:50:32 [INFO] [o.s.b.w.s.FilterRegistrationBean configure] [localhost-startStop-1]  =>  Mapping filter: 'hiddenHttpMethodFilter' to: [/*]
04-23-2018 03:50:32 [INFO] [o.s.b.w.s.FilterRegistrationBean configure] [localhost-startStop-1]  =>  Mapping filter: 'httpPutFormContentFilter' to: [/*]
04-23-2018 03:50:32 [INFO] [o.s.b.w.s.FilterRegistrationBean configure] [localhost-startStop-1]  =>  Mapping filter: 'requestContextFilter' to: [/*]
04-23-2018 03:50:32 [INFO] [c.z.h.HikariDataSource getConnection] [main]  =>  HikariPool-1 - Starting...
04-23-2018 03:50:33 [INFO] [c.z.h.HikariDataSource getConnection] [main]  =>  HikariPool-1 - Start completed.
04-23-2018 03:50:34 [INFO] [o.s.o.j.LocalContainerEntityManagerFactoryBean createNativeEntityManagerFactory] [main]  =>  Building JPA container EntityManagerFactory for persistence unit 'default'
04-23-2018 03:50:34 [INFO] [o.h.j.i.u.LogHelper logPersistenceUnitInformation] [main]  =>  HHH000204: Processing PersistenceUnitInfo [
	name: default
	...]
04-23-2018 03:50:34 [INFO] [o.hibernate.Version logVersion] [main]  =>  HHH000412: Hibernate Core {5.2.16.Final}
04-23-2018 03:50:34 [INFO] [o.h.cfg.Environment <clinit>] [main]  =>  HHH000206: hibernate.properties not found
04-23-2018 03:50:34 [INFO] [o.h.a.common.Version <clinit>] [main]  =>  HCANN000001: Hibernate Commons Annotations {5.0.1.Final}
04-23-2018 03:50:34 [INFO] [o.h.dialect.Dialect <init>] [main]  =>  HHH000400: Using dialect: org.hibernate.dialect.SQLServerDialect
04-23-2018 03:50:35 [INFO] [o.s.o.j.LocalContainerEntityManagerFactoryBean buildNativeEntityManagerFactory] [main]  =>  Initialized JPA EntityManagerFactory for persistence unit 'default'
04-23-2018 03:50:36 [INFO] [o.s.w.s.h.SimpleUrlHandlerMapping registerHandler] [main]  =>  Mapped URL path [/**/favicon.ico] onto handler of type [class org.springframework.web.servlet.resource.ResourceHttpRequestHandler]
04-23-2018 03:50:36 [INFO] [o.s.w.s.m.m.a.RequestMappingHandlerAdapter initControllerAdviceCache] [main]  =>  Looking for @ControllerAdvice: org.springframework.boot.web.servlet.context.AnnotationConfigServletWebServerApplicationContext@50b472aa: startup date [Sun Apr 22 23:50:27 EDT 2018]; root of context hierarchy
04-23-2018 03:50:36 [WARN] [o.s.b.a.o.j.JpaBaseConfiguration$JpaWebConfiguration$JpaWebMvcConfiguration openEntityManagerInViewInterceptor] [main]  =>  spring.jpa.open-in-view is enabled by default. Therefore, database queries may be performed during view rendering. Explicitly configure spring.jpa.open-in-view to disable this warning
04-23-2018 03:50:36 [INFO] [o.s.w.s.m.m.a.RequestMappingHandlerMapping register] [main]  =>  Mapped "{[/error]}" onto public org.springframework.http.ResponseEntity<java.util.Map<java.lang.String, java.lang.Object>> org.springframework.boot.autoconfigure.web.servlet.error.BasicErrorController.error(javax.servlet.http.HttpServletRequest)
04-23-2018 03:50:36 [INFO] [o.s.w.s.m.m.a.RequestMappingHandlerMapping register] [main]  =>  Mapped "{[/error],produces=[text/html]}" onto public org.springframework.web.servlet.ModelAndView org.springframework.boot.autoconfigure.web.servlet.error.BasicErrorController.errorHtml(javax.servlet.http.HttpServletRequest,javax.servlet.http.HttpServletResponse)
04-23-2018 03:50:37 [INFO] [o.s.w.s.h.SimpleUrlHandlerMapping registerHandler] [main]  =>  Mapped URL path [/webjars/**] onto handler of type [class org.springframework.web.servlet.resource.ResourceHttpRequestHandler]
04-23-2018 03:50:37 [INFO] [o.s.w.s.h.SimpleUrlHandlerMapping registerHandler] [main]  =>  Mapped URL path [/**] onto handler of type [class org.springframework.web.servlet.resource.ResourceHttpRequestHandler]
04-23-2018 03:50:38 [INFO] [o.s.j.e.a.AnnotationMBeanExporter afterSingletonsInstantiated] [main]  =>  Registering beans for JMX exposure on startup
04-23-2018 03:50:38 [INFO] [o.s.j.e.a.AnnotationMBeanExporter autodetect] [main]  =>  Bean with name 'dataSource' has been autodetected for JMX exposure
04-23-2018 03:50:38 [INFO] [o.s.j.e.a.AnnotationMBeanExporter registerBeanInstance] [main]  =>  Located MBean 'dataSource': registering with JMX server as MBean [com.zaxxer.hikari:name=dataSource,type=HikariDataSource]
04-23-2018 03:50:38 [INFO] [o.s.c.s.DefaultLifecycleProcessor start] [main]  =>  Starting beans in phase 2147483547
04-23-2018 03:50:38 [INFO] [o.s.b.w.e.t.TomcatWebServer start] [main]  =>  Tomcat started on port(s): 8080 (http) with context path ''
04-23-2018 03:50:38 [INFO] [c.e.d.DemoApplication logStarted] [main]  =>  Started DemoApplication in 11.811 seconds (JVM running for 13.587)
